Geometry number:   11     6332          ISTAT=  2   Exc. energy (eV) =    3.530570599
Geometry number:  101     4164          ISTAT=  2   Exc. energy (eV) =    3.506205345
Geometry number:  119     3248          ISTAT=  2   Exc. energy (eV) =    3.519991118
Geometry number:  127     2007          ISTAT=  2   Exc. energy (eV) =    3.549204367
Geometry number:  131     9246          ISTAT=  2   Exc. energy (eV) =    3.532847998
Geometry number:  139     8999          ISTAT=  2   Exc. energy (eV) =    3.520594837
Geometry number:  139     8999          ISTAT=  2   Exc. energy (eV) =    3.520594837
Geometry number:  156     1731          ISTAT=  2   Exc. energy (eV) =    3.509711774
Geometry number:  157     6980          ISTAT=  2   Exc. energy (eV) =    3.554594867
Geometry number:  185     8831          ISTAT=  2   Exc. energy (eV) =    3.543157674
Geometry number:  185     8831          ISTAT=  2   Exc. energy (eV) =    3.543157674
Geometry number:  185     8831          ISTAT=  2   Exc. energy (eV) =    3.543157674
Geometry number:  185     8831          ISTAT=  2   Exc. energy (eV) =    3.543157674
Geometry number:  189     3593          ISTAT=  2   Exc. energy (eV) =    3.553935741
Geometry number:  202     4059          ISTAT=  2   Exc. energy (eV) =    3.554839914
Geometry number:  202     4059          ISTAT=  2   Exc. energy (eV) =    3.554839914
Geometry number:  217      345          ISTAT=  2   Exc. energy (eV) =    3.529502241
Geometry number:  217      345          ISTAT=  2   Exc. energy (eV) =    3.529502241
Geometry number:  331     8261          ISTAT=  2   Exc. energy (eV) =    3.537848438
Geometry number:  350       60          ISTAT=  2   Exc. energy (eV) =    3.547635243
Geometry number:  353      405          ISTAT=  2   Exc. energy (eV) =    3.537881207
Geometry number:  353      405          ISTAT=  2   Exc. energy (eV) =    3.537881207
Geometry number:  353      405          ISTAT=  2   Exc. energy (eV) =    3.537881207
Geometry number:  360     1319          ISTAT=  2   Exc. energy (eV) =    3.505780282
Geometry number:  361     1586          ISTAT=  2   Exc. energy (eV) =    3.522929429
Geometry number:  445      810          ISTAT=  2   Exc. energy (eV) =    3.534317509
Geometry number:  445      810          ISTAT=  2   Exc. energy (eV) =    3.534317509
Geometry number:  476     6154          ISTAT=  2   Exc. energy (eV) =    3.509497192
Geometry number:  476     6154          ISTAT=  2   Exc. energy (eV) =    3.509497192
Geometry number:  476     6154          ISTAT=  2   Exc. energy (eV) =    3.509497192
Geometry number:  508     7082          ISTAT=  2   Exc. energy (eV) =    3.553854050
Geometry number:  556     9775          ISTAT=  2   Exc. energy (eV) =    3.505999612
Geometry number:  569     6825          ISTAT=  2   Exc. energy (eV) =    3.545478256
Geometry number:  575     7052          ISTAT=  2   Exc. energy (eV) =    3.537462124
Geometry number:  593      276          ISTAT=  2   Exc. energy (eV) =    3.544301697
Geometry number:  623     9589          ISTAT=  2   Exc. energy (eV) =    3.548501408
Geometry number:  625      681          ISTAT=  2   Exc. energy (eV) =    3.526235265
Geometry number:  653     7563          ISTAT=  2   Exc. energy (eV) =    3.519122673
Geometry number:  681     1905          ISTAT=  2   Exc. energy (eV) =    3.538920072
Geometry number:  718     8041          ISTAT=  2   Exc. energy (eV) =    3.527471259
Geometry number:  770     8403          ISTAT=  2   Exc. energy (eV) =    3.542367660
Geometry number:  772     8573          ISTAT=  2   Exc. energy (eV) =    3.529318424
Geometry number:  782     7255          ISTAT=  2   Exc. energy (eV) =    3.552104572
Geometry number:  800     8378          ISTAT=  2   Exc. energy (eV) =    3.510086302
Geometry number:  801     8873          ISTAT=  2   Exc. energy (eV) =    3.531677148
Geometry number:  815     7394          ISTAT=  2   Exc. energy (eV) =    3.535647338
Geometry number:  841     6663          ISTAT=  2   Exc. energy (eV) =    3.530212380
Geometry number:  842     5439          ISTAT=  2   Exc. energy (eV) =    3.522910138
Geometry number:  842     5439          ISTAT=  2   Exc. energy (eV) =    3.522910138
Geometry number:  845      749          ISTAT=  2   Exc. energy (eV) =    3.520582671
Geometry number:  846     6181          ISTAT=  2   Exc. energy (eV) =    3.525872005
Geometry number:  880     5034          ISTAT=  2   Exc. energy (eV) =    3.534539198
Geometry number:  894     7805          ISTAT=  2   Exc. energy (eV) =    3.551733038
Geometry number:  943     8663          ISTAT=  2   Exc. energy (eV) =    3.545398904
Geometry number:  983     3771          ISTAT=  2   Exc. energy (eV) =    3.534335697
Geometry number: 1008      181          ISTAT=  2   Exc. energy (eV) =    3.523734445
Geometry number: 1008      181          ISTAT=  2   Exc. energy (eV) =    3.523734445
Geometry number: 1034     5653          ISTAT=  2   Exc. energy (eV) =    3.546978643
Geometry number: 1063     9833          ISTAT=  2   Exc. energy (eV) =    3.543173363
Geometry number: 1063     9833          ISTAT=  2   Exc. energy (eV) =    3.543173363
Geometry number: 1072     2496          ISTAT=  2   Exc. energy (eV) =    3.537607619
Geometry number: 1143     7124          ISTAT=  2   Exc. energy (eV) =    3.532265182
Geometry number: 1146      666          ISTAT=  2   Exc. energy (eV) =    3.531651152
Geometry number: 1155     6896          ISTAT=  2   Exc. energy (eV) =    3.530831611
Geometry number: 1159     2509          ISTAT=  2   Exc. energy (eV) =    3.550943326
Geometry number: 1173     6109          ISTAT=  2   Exc. energy (eV) =    3.549076901
Geometry number: 1186     6835          ISTAT=  2   Exc. energy (eV) =    3.549259312
Geometry number: 1195     6761          ISTAT=  2   Exc. energy (eV) =    3.510209798
Geometry number: 1196     1977          ISTAT=  2   Exc. energy (eV) =    3.554935720
Geometry number: 1211     1882          ISTAT=  2   Exc. energy (eV) =    3.536547848
Geometry number: 1242     6080          ISTAT=  2   Exc. energy (eV) =    3.527535123
Geometry number: 1263     6254          ISTAT=  2   Exc. energy (eV) =    3.512965679
Geometry number: 1263     6254          ISTAT=  2   Exc. energy (eV) =    3.512965679
Geometry number: 1336     5428          ISTAT=  2   Exc. energy (eV) =    3.551636354
Geometry number: 1372     3596          ISTAT=  2   Exc. energy (eV) =    3.521010208
Geometry number: 1372     3596          ISTAT=  2   Exc. energy (eV) =    3.521010208
Geometry number: 1399     4345          ISTAT=  2   Exc. energy (eV) =    3.514153493
Geometry number: 1420     6691          ISTAT=  2   Exc. energy (eV) =    3.505452788
Geometry number: 1482     6065          ISTAT=  2   Exc. energy (eV) =    3.550227311
Geometry number: 1494      216          ISTAT=  2   Exc. energy (eV) =    3.509261593
Geometry number: 1499     4542          ISTAT=  2   Exc. energy (eV) =    3.519084587
Geometry number: 1519     4556          ISTAT=  2   Exc. energy (eV) =    3.514998903
Geometry number: 1527     6871          ISTAT=  2   Exc. energy (eV) =    3.515705815
Geometry number: 1578     4622          ISTAT=  2   Exc. energy (eV) =    3.546256918
Geometry number: 1586     7403          ISTAT=  2   Exc. energy (eV) =    3.530109510
Geometry number: 1594     2250          ISTAT=  2   Exc. energy (eV) =    3.538079412
Geometry number: 1624     2348          ISTAT=  2   Exc. energy (eV) =    3.526028921
Geometry number: 1677     5633          ISTAT=  2   Exc. energy (eV) =    3.513535826
Geometry number: 1730     7403          ISTAT=  2   Exc. energy (eV) =    3.530109510
Geometry number: 1750     8731          ISTAT=  2   Exc. energy (eV) =    3.505644554
Geometry number: 1758     5211          ISTAT=  2   Exc. energy (eV) =    3.506711602
Geometry number: 1762      629          ISTAT=  2   Exc. energy (eV) =    3.527848401
Geometry number: 1777     7848          ISTAT=  2   Exc. energy (eV) =    3.537070836
Geometry number: 1803       83          ISTAT=  2   Exc. energy (eV) =    3.505474333
Geometry number: 1803       83          ISTAT=  2   Exc. energy (eV) =    3.505474333
Geometry number: 1824     5802          ISTAT=  2   Exc. energy (eV) =    3.516639032
Geometry number: 1864     2870          ISTAT=  2   Exc. energy (eV) =    3.547663833
Geometry number: 1870     2851          ISTAT=  2   Exc. energy (eV) =    3.523474718
Geometry number: 1870     2851          ISTAT=  2   Exc. energy (eV) =    3.523474718
Geometry number: 1905     2483          ISTAT=  2   Exc. energy (eV) =    3.507906921
Geometry number: 2002     4565          ISTAT=  2   Exc. energy (eV) =    3.538897378
Geometry number: 2002     4565          ISTAT=  2   Exc. energy (eV) =    3.538897378
Geometry number: 2015     2161          ISTAT=  2   Exc. energy (eV) =    3.505163252
Geometry number: 2026     8503          ISTAT=  2   Exc. energy (eV) =    3.527556492
Geometry number: 2026     8503          ISTAT=  2   Exc. energy (eV) =    3.527556492
Geometry number: 2027     5134          ISTAT=  2   Exc. energy (eV) =    3.545912082
Geometry number: 2033      685          ISTAT=  2   Exc. energy (eV) =    3.538216717
Geometry number: 2040     7026          ISTAT=  2   Exc. energy (eV) =    3.510074620
Geometry number: 2040     7026          ISTAT=  2   Exc. energy (eV) =    3.510074620
Geometry number: 2085     6491          ISTAT=  2   Exc. energy (eV) =    3.518561154
Geometry number: 2085     6491          ISTAT=  2   Exc. energy (eV) =    3.518561154
Geometry number: 2104     1493          ISTAT=  2   Exc. energy (eV) =    3.520678199
Geometry number: 2104     1493          ISTAT=  2   Exc. energy (eV) =    3.520678199
Geometry number: 2114     2217          ISTAT=  2   Exc. energy (eV) =    3.554699797
Geometry number: 2149     1012          ISTAT=  2   Exc. energy (eV) =    3.519213694
Geometry number: 2150     2112          ISTAT=  2   Exc. energy (eV) =    3.505562749
Geometry number: 2196     8045          ISTAT=  2   Exc. energy (eV) =    3.512007375
Geometry number: 2196     8045          ISTAT=  2   Exc. energy (eV) =    3.512007375
Geometry number: 2222     1101          ISTAT=  2   Exc. energy (eV) =    3.528293710
Geometry number: 2222     1101          ISTAT=  2   Exc. energy (eV) =    3.528293710
Geometry number: 2222     1101          ISTAT=  2   Exc. energy (eV) =    3.528293710
Geometry number: 2289     6132          ISTAT=  2   Exc. energy (eV) =    3.521009521
Geometry number: 2311     3010          ISTAT=  2   Exc. energy (eV) =    3.520635452
Geometry number: 2348     8184          ISTAT=  2   Exc. energy (eV) =    3.550912295
Geometry number: 2429     5392          ISTAT=  2   Exc. energy (eV) =    3.525103333
Geometry number: 2466     8613          ISTAT=  2   Exc. energy (eV) =    3.529672112
Geometry number: 2504     3075          ISTAT=  2   Exc. energy (eV) =    3.543190325
Geometry number: 2539     4894          ISTAT=  2   Exc. energy (eV) =    3.537599841
Geometry number: 2553     8735          ISTAT=  2   Exc. energy (eV) =    3.536926429
Geometry number: 2557     3084          ISTAT=  2   Exc. energy (eV) =    3.511079762
Geometry number: 2561     7085          ISTAT=  2   Exc. energy (eV) =    3.529774636
Geometry number: 2566     5946          ISTAT=  2   Exc. energy (eV) =    3.554904801
Geometry number: 2579     1414          ISTAT=  2   Exc. energy (eV) =    3.554046763
Geometry number: 2583     5712          ISTAT=  2   Exc. energy (eV) =    3.523556989
Geometry number: 2617      987          ISTAT=  2   Exc. energy (eV) =    3.551055879
Geometry number: 2666      371          ISTAT=  2   Exc. energy (eV) =    3.509004648
Geometry number: 2682     5860          ISTAT=  2   Exc. energy (eV) =    3.546183511
Geometry number: 2707     4687          ISTAT=  2   Exc. energy (eV) =    3.530936961
Geometry number: 2707     4687          ISTAT=  2   Exc. energy (eV) =    3.530936961
Geometry number: 2707     4687          ISTAT=  2   Exc. energy (eV) =    3.530936961
Geometry number: 2714     4313          ISTAT=  2   Exc. energy (eV) =    3.517644395
Geometry number: 2714     4313          ISTAT=  2   Exc. energy (eV) =    3.517644395
Geometry number: 2718     1697          ISTAT=  2   Exc. energy (eV) =    3.527364313
Geometry number: 2731     1031          ISTAT=  2   Exc. energy (eV) =    3.519569326
Geometry number: 2738     9524          ISTAT=  2   Exc. energy (eV) =    3.522520480
Geometry number: 2742     8951          ISTAT=  2   Exc. energy (eV) =    3.519468222
Geometry number: 2742     8951          ISTAT=  2   Exc. energy (eV) =    3.519468222
Geometry number: 2765     5006          ISTAT=  2   Exc. energy (eV) =    3.542243260
Geometry number: 2792     9106          ISTAT=  2   Exc. energy (eV) =    3.507639872
Geometry number: 2806     8156          ISTAT=  2   Exc. energy (eV) =    3.554158329
Geometry number: 2806     8156          ISTAT=  2   Exc. energy (eV) =    3.554158329
Geometry number: 2806     8156          ISTAT=  2   Exc. energy (eV) =    3.554158329
Geometry number: 2820     2538          ISTAT=  2   Exc. energy (eV) =    3.530203459
Geometry number: 2821      446          ISTAT=  2   Exc. energy (eV) =    3.550149917
Geometry number: 2822     7757          ISTAT=  2   Exc. energy (eV) =    3.514110223
Geometry number: 2824     1569          ISTAT=  2   Exc. energy (eV) =    3.534442773
Geometry number: 2876      960          ISTAT=  2   Exc. energy (eV) =    3.550060589
Geometry number: 2948     6302          ISTAT=  2   Exc. energy (eV) =    3.505112888
Geometry number: 2985     3319          ISTAT=  2   Exc. energy (eV) =    3.525053638
Geometry number: 3017     6380          ISTAT=  2   Exc. energy (eV) =    3.538009482
Geometry number: 3052     4380          ISTAT=  2   Exc. energy (eV) =    3.527884644
Geometry number: 3098     7524          ISTAT=  2   Exc. energy (eV) =    3.525339429
Geometry number: 3134     7094          ISTAT=  2   Exc. energy (eV) =    3.541706645
Geometry number: 3134     7094          ISTAT=  2   Exc. energy (eV) =    3.541706645
Geometry number: 3138     6584          ISTAT=  2   Exc. energy (eV) =    3.540492580
Geometry number: 3223     3345          ISTAT=  2   Exc. energy (eV) =    3.548296764
Geometry number: 3247      376          ISTAT=  2   Exc. energy (eV) =    3.531163968
Geometry number: 3288     6363          ISTAT=  2   Exc. energy (eV) =    3.518411349
Geometry number: 3304     4515          ISTAT=  2   Exc. energy (eV) =    3.528547288
Geometry number: 3372      294          ISTAT=  2   Exc. energy (eV) =    3.551199191
Geometry number: 3372      294          ISTAT=  2   Exc. energy (eV) =    3.551199191
Geometry number: 3372      294          ISTAT=  2   Exc. energy (eV) =    3.551199191
Geometry number: 3427     4477          ISTAT=  2   Exc. energy (eV) =    3.541366282
Geometry number: 3486     8375          ISTAT=  2   Exc. energy (eV) =    3.517857846
Geometry number: 3505     3129          ISTAT=  2   Exc. energy (eV) =    3.537181142
Geometry number: 3505     3129          ISTAT=  2   Exc. energy (eV) =    3.537181142
Geometry number: 3555     9426          ISTAT=  2   Exc. energy (eV) =    3.545710826
Geometry number: 3639     3729          ISTAT=  2   Exc. energy (eV) =    3.511474939
Geometry number: 3648     1672          ISTAT=  2   Exc. energy (eV) =    3.533596734
Geometry number: 3692     4758          ISTAT=  2   Exc. energy (eV) =    3.531978981
Geometry number: 3740     3812          ISTAT=  2   Exc. energy (eV) =    3.539525342
Geometry number: 3757     3826          ISTAT=  2   Exc. energy (eV) =    3.525521206
Geometry number: 3780     1289          ISTAT=  2   Exc. energy (eV) =    3.525350178
Geometry number: 3827      914          ISTAT=  2   Exc. energy (eV) =    3.549165215
Geometry number: 3831     6782          ISTAT=  2   Exc. energy (eV) =    3.536505267
Geometry number: 3902     6701          ISTAT=  2   Exc. energy (eV) =    3.534739421
Geometry number: 3944     3975          ISTAT=  2   Exc. energy (eV) =    3.538754377
Geometry number: 3944     3975          ISTAT=  2   Exc. energy (eV) =    3.538754377
Geometry number: 3972     3242          ISTAT=  2   Exc. energy (eV) =    3.546483590
Geometry number: 3985      192          ISTAT=  2   Exc. energy (eV) =    3.539455968
Geometry number: 4003     6095          ISTAT=  2   Exc. energy (eV) =    3.531413390
Geometry number: 4035     2483          ISTAT=  2   Exc. energy (eV) =    3.507906921
Geometry number: 4090     1869          ISTAT=  2   Exc. energy (eV) =    3.554868148
Geometry number: 4110     3114          ISTAT=  2   Exc. energy (eV) =    3.518352099
Geometry number: 4110     3114          ISTAT=  2   Exc. energy (eV) =    3.518352099
Geometry number: 4135     3122          ISTAT=  2   Exc. energy (eV) =    3.549184230
Geometry number: 4228     2509          ISTAT=  2   Exc. energy (eV) =    3.550943326
Geometry number: 4233     8503          ISTAT=  2   Exc. energy (eV) =    3.527556492
Geometry number: 4244     3597          ISTAT=  2   Exc. energy (eV) =    3.505176978
Geometry number: 4244     3597          ISTAT=  2   Exc. energy (eV) =    3.505176978
Geometry number: 4292     5613          ISTAT=  2   Exc. energy (eV) =    3.548645548
Geometry number: 4298     4964          ISTAT=  2   Exc. energy (eV) =    3.510609079
Geometry number: 4306     1566          ISTAT=  2   Exc. energy (eV) =    3.524826672
Geometry number: 4330     3374          ISTAT=  2   Exc. energy (eV) =    3.545649331
Geometry number: 4340     5774          ISTAT=  2   Exc. energy (eV) =    3.539885292
Geometry number: 4340     5774          ISTAT=  2   Exc. energy (eV) =    3.539885292
Geometry number: 4369     6282          ISTAT=  2   Exc. energy (eV) =    3.538506654
Geometry number: 4371     6916          ISTAT=  2   Exc. energy (eV) =    3.546393184
Geometry number: 4385     9105          ISTAT=  2   Exc. energy (eV) =    3.533333467
Geometry number: 4390     9134          ISTAT=  2   Exc. energy (eV) =    3.513333143
Geometry number: 4391     5368          ISTAT=  2   Exc. energy (eV) =    3.505171217
Geometry number: 4407     3067          ISTAT=  2   Exc. energy (eV) =    3.554169429
Geometry number: 4440     1513          ISTAT=  2   Exc. energy (eV) =    3.516614213
Geometry number: 4468     6761          ISTAT=  2   Exc. energy (eV) =    3.510209798
Geometry number: 4536     6687          ISTAT=  2   Exc. energy (eV) =    3.554378907
Geometry number: 4570     1771          ISTAT=  2   Exc. energy (eV) =    3.512341613
Geometry number: 4656     2279          ISTAT=  2   Exc. energy (eV) =    3.522848695
Geometry number: 4731     1574          ISTAT=  2   Exc. energy (eV) =    3.548492468
Geometry number: 4735     3452          ISTAT=  2   Exc. energy (eV) =    3.525789905
Geometry number: 4735     3452          ISTAT=  2   Exc. energy (eV) =    3.525789905
Geometry number: 4753     9878          ISTAT=  2   Exc. energy (eV) =    3.547159759
Geometry number: 4799     4126          ISTAT=  2   Exc. energy (eV) =    3.525203805
Geometry number: 4805     6332          ISTAT=  2   Exc. energy (eV) =    3.530570599
Geometry number: 4813     3075          ISTAT=  2   Exc. energy (eV) =    3.543190325
Geometry number: 4813     3075          ISTAT=  2   Exc. energy (eV) =    3.543190325
Geometry number: 4824     8147          ISTAT=  2   Exc. energy (eV) =    3.528954422
Geometry number: 4832     3834          ISTAT=  2   Exc. energy (eV) =    3.524398571
Geometry number: 4856     1341          ISTAT=  2   Exc. energy (eV) =    3.544463198
Geometry number: 4856     1341          ISTAT=  2   Exc. energy (eV) =    3.544463198
Geometry number: 4866     1569          ISTAT=  2   Exc. energy (eV) =    3.534442773
Geometry number: 4871     1701          ISTAT=  2   Exc. energy (eV) =    3.508156364
Geometry number: 4882      181          ISTAT=  2   Exc. energy (eV) =    3.523734445
Geometry number: 4915     2470          ISTAT=  2   Exc. energy (eV) =    3.523863123
Geometry number: 4932     7408          ISTAT=  2   Exc. energy (eV) =    3.518879755
Geometry number: 4934     2434          ISTAT=  2   Exc. energy (eV) =    3.544009621
Geometry number: 4940     3457          ISTAT=  2   Exc. energy (eV) =    3.554406708
Geometry number: 4950     2851          ISTAT=  2   Exc. energy (eV) =    3.523474718
Geometry number: 4950     2851          ISTAT=  2   Exc. energy (eV) =    3.523474718
Geometry number: 4953     4383          ISTAT=  2   Exc. energy (eV) =    3.554790982
Geometry number: 4974     1740          ISTAT=  2   Exc. energy (eV) =    3.553186907
Geometry number: 4993     9222          ISTAT=  2   Exc. energy (eV) =    3.543272391
Geometry number: 5020     5412          ISTAT=  2   Exc. energy (eV) =    3.510650240
Geometry number: 5061     4059          ISTAT=  2   Exc. energy (eV) =    3.554839914
Geometry number: 5061     4059          ISTAT=  2   Exc. energy (eV) =    3.554839914
Geometry number: 5063      105          ISTAT=  2   Exc. energy (eV) =    3.554866367
Geometry number: 5063      105          ISTAT=  2   Exc. energy (eV) =    3.554866367
Geometry number: 5078     8156          ISTAT=  2   Exc. energy (eV) =    3.554158329
Geometry number: 5078     8156          ISTAT=  2   Exc. energy (eV) =    3.554158329
Geometry number: 5091     9200          ISTAT=  2   Exc. energy (eV) =    3.546972296
Geometry number: 5091     9200          ISTAT=  2   Exc. energy (eV) =    3.546972296
Geometry number: 5106     2217          ISTAT=  2   Exc. energy (eV) =    3.554699797
Geometry number: 5124     9962          ISTAT=  2   Exc. energy (eV) =    3.507147604
Geometry number: 5139     4740          ISTAT=  2   Exc. energy (eV) =    3.544017327
Geometry number: 5243     3640          ISTAT=  2   Exc. energy (eV) =    3.519837210
Geometry number: 5254     2539          ISTAT=  2   Exc. energy (eV) =    3.535121390
Geometry number: 5264      905          ISTAT=  2   Exc. energy (eV) =    3.517683748
Geometry number: 5264      905          ISTAT=  2   Exc. energy (eV) =    3.517683748
Geometry number: 5264      905          ISTAT=  2   Exc. energy (eV) =    3.517683748
Geometry number: 5266      245          ISTAT=  2   Exc. energy (eV) =    3.520011993
Geometry number: 5281     7147          ISTAT=  2   Exc. energy (eV) =    3.532183670
Geometry number: 5281     7147          ISTAT=  2   Exc. energy (eV) =    3.532183670
Geometry number: 5313     5141          ISTAT=  2   Exc. energy (eV) =    3.541873110
Geometry number: 5319     5093          ISTAT=  2   Exc. energy (eV) =    3.511327762
Geometry number: 5347     4900          ISTAT=  2   Exc. energy (eV) =    3.532223525
Geometry number: 5351     9424          ISTAT=  2   Exc. energy (eV) =    3.530767095
Geometry number: 5361      739          ISTAT=  2   Exc. energy (eV) =    3.508498675
Geometry number: 5374     8229          ISTAT=  2   Exc. energy (eV) =    3.531332343
Geometry number: 5399     5220          ISTAT=  2   Exc. energy (eV) =    3.533914745
Geometry number: 5409     5305          ISTAT=  2   Exc. energy (eV) =    3.518938833
Geometry number: 5447     1617          ISTAT=  2   Exc. energy (eV) =    3.550177709
Geometry number: 5458     1028          ISTAT=  2   Exc. energy (eV) =    3.515086277
Geometry number: 5461     4169          ISTAT=  2   Exc. energy (eV) =    3.523386363
Geometry number: 5485     3947          ISTAT=  2   Exc. energy (eV) =    3.538503168
Geometry number: 5485     3947          ISTAT=  2   Exc. energy (eV) =    3.538503168
Geometry number: 5510       26          ISTAT=  2   Exc. energy (eV) =    3.519822238
Geometry number: 5511     6302          ISTAT=  2   Exc. energy (eV) =    3.505112888
Geometry number: 5514      470          ISTAT=  2   Exc. energy (eV) =    3.543769554
Geometry number: 5532     8435          ISTAT=  2   Exc. energy (eV) =    3.543299121
Geometry number: 5568     3188          ISTAT=  2   Exc. energy (eV) =    3.536541317
Geometry number: 5583     6487          ISTAT=  2   Exc. energy (eV) =    3.553190207
Geometry number: 5693     3655          ISTAT=  2   Exc. energy (eV) =    3.550002468
Geometry number: 5714     1316          ISTAT=  2   Exc. energy (eV) =    3.538313298
Geometry number: 5735      878          ISTAT=  2   Exc. energy (eV) =    3.522501447
Geometry number: 5735      878          ISTAT=  2   Exc. energy (eV) =    3.522501447
Geometry number: 5735      878          ISTAT=  2   Exc. energy (eV) =    3.522501447
Geometry number: 5748     5287          ISTAT=  2   Exc. energy (eV) =    3.519309256
Geometry number: 5843     4447          ISTAT=  2   Exc. energy (eV) =    3.522189416
Geometry number: 5870       94          ISTAT=  2   Exc. energy (eV) =    3.527640302
Geometry number: 5876     5499          ISTAT=  2   Exc. energy (eV) =    3.539686653
Geometry number: 5876     5499          ISTAT=  2   Exc. energy (eV) =    3.539686653
Geometry number: 5886     9365          ISTAT=  2   Exc. energy (eV) =    3.553174452
Geometry number: 5890     6154          ISTAT=  2   Exc. energy (eV) =    3.509497192
Geometry number: 5890     6154          ISTAT=  2   Exc. energy (eV) =    3.509497192
Geometry number: 5890     6154          ISTAT=  2   Exc. energy (eV) =    3.509497192
Geometry number: 5890     6154          ISTAT=  2   Exc. energy (eV) =    3.509497192
Geometry number: 5922     8928          ISTAT=  2   Exc. energy (eV) =    3.526055260
Geometry number: 5926     1539          ISTAT=  2   Exc. energy (eV) =    3.521571947
Geometry number: 6003     1852          ISTAT=  2   Exc. energy (eV) =    3.534687897
Geometry number: 6082     9720          ISTAT=  2   Exc. energy (eV) =    3.520971191
Geometry number: 6136     8767          ISTAT=  2   Exc. energy (eV) =    3.539799469
Geometry number: 6294     8823          ISTAT=  2   Exc. energy (eV) =    3.525998420
Geometry number: 6297      810          ISTAT=  2   Exc. energy (eV) =    3.534317509
Geometry number: 6318     6062          ISTAT=  2   Exc. energy (eV) =    3.513429088
Geometry number: 6318     6062          ISTAT=  2   Exc. energy (eV) =    3.513429088
Geometry number: 6338     5284          ISTAT=  2   Exc. energy (eV) =    3.507657346
Geometry number: 6352     9953          ISTAT=  2   Exc. energy (eV) =    3.533259546
Geometry number: 6352     9953          ISTAT=  2   Exc. energy (eV) =    3.533259546
Geometry number: 6364     5181          ISTAT=  2   Exc. energy (eV) =    3.525158496
Geometry number: 6366     7751          ISTAT=  2   Exc. energy (eV) =    3.513600252
Geometry number: 6458     9058          ISTAT=  2   Exc. energy (eV) =    3.519544465
Geometry number: 6462      951          ISTAT=  2   Exc. energy (eV) =    3.513092939
Geometry number: 6462      951          ISTAT=  2   Exc. energy (eV) =    3.513092939
Geometry number: 6479     1449          ISTAT=  2   Exc. energy (eV) =    3.548495062
Geometry number: 6563     8582          ISTAT=  2   Exc. energy (eV) =    3.533753447
Geometry number: 6622     6283          ISTAT=  2   Exc. energy (eV) =    3.536594543
Geometry number: 6622     6283          ISTAT=  2   Exc. energy (eV) =    3.536594543
Geometry number: 6622     6283          ISTAT=  2   Exc. energy (eV) =    3.536594543
Geometry number: 6626     5714          ISTAT=  2   Exc. energy (eV) =    3.553449389
Geometry number: 6627     9856          ISTAT=  2   Exc. energy (eV) =    3.509345892
Geometry number: 6627     9856          ISTAT=  2   Exc. energy (eV) =    3.509345892
Geometry number: 6649     5208          ISTAT=  2   Exc. energy (eV) =    3.516362943
Geometry number: 6651     7673          ISTAT=  2   Exc. energy (eV) =    3.528528001
Geometry number: 6723     5721          ISTAT=  2   Exc. energy (eV) =    3.506967244
Geometry number: 6849     9192          ISTAT=  2   Exc. energy (eV) =    3.553856439
Geometry number: 6856     4236          ISTAT=  2   Exc. energy (eV) =    3.536902094
Geometry number: 6873     3241          ISTAT=  2   Exc. energy (eV) =    3.543641656
Geometry number: 6878     5185          ISTAT=  2   Exc. energy (eV) =    3.516185895
Geometry number: 6884     2643          ISTAT=  2   Exc. energy (eV) =    3.514268724
Geometry number: 6904     4930          ISTAT=  2   Exc. energy (eV) =    3.545397726
Geometry number: 6904     4930          ISTAT=  2   Exc. energy (eV) =    3.545397726
Geometry number: 6904     4930          ISTAT=  2   Exc. energy (eV) =    3.545397726
Geometry number: 6997     8260          ISTAT=  2   Exc. energy (eV) =    3.516099276
Geometry number: 7056     8232          ISTAT=  2   Exc. energy (eV) =    3.527710789
Geometry number: 7072     6428          ISTAT=  2   Exc. energy (eV) =    3.510091155
Geometry number: 7087     4313          ISTAT=  2   Exc. energy (eV) =    3.517644395
Geometry number: 7087     4313          ISTAT=  2   Exc. energy (eV) =    3.517644395
Geometry number: 7148     4376          ISTAT=  2   Exc. energy (eV) =    3.534806807
Geometry number: 7240     9217          ISTAT=  2   Exc. energy (eV) =    3.546416831
Geometry number: 7283     4964          ISTAT=  2   Exc. energy (eV) =    3.510609079
Geometry number: 7289     7152          ISTAT=  2   Exc. energy (eV) =    3.524917079
Geometry number: 7331     5713          ISTAT=  2   Exc. energy (eV) =    3.534179371
Geometry number: 7377     7030          ISTAT=  2   Exc. energy (eV) =    3.510050369
Geometry number: 7386     4421          ISTAT=  2   Exc. energy (eV) =    3.538270332
Geometry number: 7401     4984          ISTAT=  2   Exc. energy (eV) =    3.541498144
Geometry number: 7421     8586          ISTAT=  2   Exc. energy (eV) =    3.510494477
Geometry number: 7423     7103          ISTAT=  2   Exc. energy (eV) =    3.520902874
Geometry number: 7467     3808          ISTAT=  2   Exc. energy (eV) =    3.550769620
Geometry number: 7486     4510          ISTAT=  2   Exc. energy (eV) =    3.550266095
Geometry number: 7491     1245          ISTAT=  2   Exc. energy (eV) =    3.536570843
Geometry number: 7491     1245          ISTAT=  2   Exc. energy (eV) =    3.536570843
Geometry number: 7503      192          ISTAT=  2   Exc. energy (eV) =    3.539455968
Geometry number: 7536     2925          ISTAT=  2   Exc. energy (eV) =    3.551701252
Geometry number: 7572     7600          ISTAT=  2   Exc. energy (eV) =    3.525738292
Geometry number: 7572     7600          ISTAT=  2   Exc. energy (eV) =    3.525738292
Geometry number: 7617     3957          ISTAT=  2   Exc. energy (eV) =    3.526656875
Geometry number: 7643     7990          ISTAT=  2   Exc. energy (eV) =    3.537395565
Geometry number: 7680     6805          ISTAT=  2   Exc. energy (eV) =    3.515546444
Geometry number: 7771     4469          ISTAT=  2   Exc. energy (eV) =    3.506942708
Geometry number: 7771     4469          ISTAT=  2   Exc. energy (eV) =    3.506942708
Geometry number: 7814     5813          ISTAT=  2   Exc. energy (eV) =    3.543577510
Geometry number: 7829     6349          ISTAT=  2   Exc. energy (eV) =    3.542527074
Geometry number: 7852     5212          ISTAT=  2   Exc. energy (eV) =    3.519420922
Geometry number: 7921     4515          ISTAT=  2   Exc. energy (eV) =    3.528547288
Geometry number: 7992      652          ISTAT=  2   Exc. energy (eV) =    3.534376217
Geometry number: 8036     1977          ISTAT=  2   Exc. energy (eV) =    3.554935720
Geometry number: 8045     4110          ISTAT=  2   Exc. energy (eV) =    3.511029632
Geometry number: 8045     4110          ISTAT=  2   Exc. energy (eV) =    3.511029632
Geometry number: 8069     4695          ISTAT=  2   Exc. energy (eV) =    3.536390435
Geometry number: 8077     4565          ISTAT=  2   Exc. energy (eV) =    3.538897378
Geometry number: 8094     6103          ISTAT=  2   Exc. energy (eV) =    3.541929163
Geometry number: 8150     4367          ISTAT=  2   Exc. energy (eV) =    3.535821008
Geometry number: 8156     1019          ISTAT=  2   Exc. energy (eV) =    3.534302936
Geometry number: 8164     3960          ISTAT=  2   Exc. energy (eV) =    3.541757883
Geometry number: 8164     3960          ISTAT=  2   Exc. energy (eV) =    3.541757883
Geometry number: 8164     3960          ISTAT=  2   Exc. energy (eV) =    3.541757883
Geometry number: 8202     6364          ISTAT=  2   Exc. energy (eV) =    3.531049656
Geometry number: 8228     2177          ISTAT=  2   Exc. energy (eV) =    3.541379453
Geometry number: 8248      809          ISTAT=  2   Exc. energy (eV) =    3.523852686
Geometry number: 8273     3000          ISTAT=  2   Exc. energy (eV) =    3.519310007
Geometry number: 8276     5900          ISTAT=  2   Exc. energy (eV) =    3.531301502
Geometry number: 8283     7013          ISTAT=  2   Exc. energy (eV) =    3.513842694
Geometry number: 8351     9544          ISTAT=  2   Exc. energy (eV) =    3.544427357
Geometry number: 8401     3960          ISTAT=  2   Exc. energy (eV) =    3.541757883
Geometry number: 8401     3960          ISTAT=  2   Exc. energy (eV) =    3.541757883
Geometry number: 8406     6210          ISTAT=  2   Exc. energy (eV) =    3.533143473
Geometry number: 8414     8743          ISTAT=  2   Exc. energy (eV) =    3.542505767
Geometry number: 8426     2744          ISTAT=  2   Exc. energy (eV) =    3.530946862
Geometry number: 8437     3052          ISTAT=  2   Exc. energy (eV) =    3.530435498
Geometry number: 8442      265          ISTAT=  2   Exc. energy (eV) =    3.525450797
Geometry number: 8446     5713          ISTAT=  2   Exc. energy (eV) =    3.534179371
Geometry number: 8467     5211          ISTAT=  2   Exc. energy (eV) =    3.506711602
Geometry number: 8479     3452          ISTAT=  2   Exc. energy (eV) =    3.525789905
Geometry number: 8494      105          ISTAT=  2   Exc. energy (eV) =    3.554866367
