 Histogram E_ecc                                                                           
                     number  fraction
 <    3.40000000      2.00000000E+02      5.08905852E-01
      3.40250000      0.00000000E+00      0.00000000E+00
      3.40750000      0.00000000E+00      0.00000000E+00
      3.41250000      0.00000000E+00      0.00000000E+00
      3.41750000      0.00000000E+00      0.00000000E+00
      3.42250000      0.00000000E+00      0.00000000E+00
      3.42750000      0.00000000E+00      0.00000000E+00
      3.43250000      0.00000000E+00      0.00000000E+00
      3.43750000      0.00000000E+00      0.00000000E+00
      3.44250000      0.00000000E+00      0.00000000E+00
      3.44750000      0.00000000E+00      0.00000000E+00
      3.45250000      0.00000000E+00      0.00000000E+00
      3.45750000      0.00000000E+00      0.00000000E+00
      3.46250000      0.00000000E+00      0.00000000E+00
      3.46750000      0.00000000E+00      0.00000000E+00
      3.47250000      0.00000000E+00      0.00000000E+00
      3.47750000      0.00000000E+00      0.00000000E+00
      3.48250000      0.00000000E+00      0.00000000E+00
      3.48750000      0.00000000E+00      0.00000000E+00
      3.49250000      0.00000000E+00      0.00000000E+00
      3.49750000      0.00000000E+00      0.00000000E+00
      3.50250000      0.00000000E+00      0.00000000E+00
      3.50750000      7.60000000E+03      1.93384224E+01
      3.51250000      6.40000000E+03      1.62849873E+01
      3.51750000      7.20000000E+03      1.83206107E+01
      3.52250000      7.20000000E+03      1.83206107E+01
      3.52750000      8.20000000E+03      2.08651399E+01
      3.53250000      9.40000000E+03      2.39185751E+01
      3.53750000      9.40000000E+03      2.39185751E+01
      3.54250000      7.40000000E+03      1.88295165E+01
      3.54750000      5.80000000E+03      1.47582697E+01
      3.55250000      9.80000000E+03      2.49363868E+01
      3.55750000      0.00000000E+00      0.00000000E+00
      3.56250000      0.00000000E+00      0.00000000E+00
      3.56750000      0.00000000E+00      0.00000000E+00
      3.57250000      0.00000000E+00      0.00000000E+00
      3.57750000      0.00000000E+00      0.00000000E+00
      3.58250000      0.00000000E+00      0.00000000E+00
      3.58750000      0.00000000E+00      0.00000000E+00
      3.59250000      0.00000000E+00      0.00000000E+00
      3.59750000      0.00000000E+00      0.00000000E+00
 >    3.60000000      0.00000000E+00      0.00000000E+00
