 merging file photo01.dyn ...
 nintx, nflo =          40          89
 traiettoria reattiva sul           1 : ik=           2
 traiettoria reattiva sul           1 : ik=           3
 traiettoria reattiva sul           1 : ik=           4
 traiettoria reattiva sul           1 : ik=           5
 traiettoria reattiva sul           1 : ik=           9
 traiettoria reattiva sul           1 : ik=          10
 traiettoria reattiva sul           1 : ik=          11
 traiettoria reattiva sul           1 : ik=          12
 traiettoria reattiva sul           1 : ik=          13
 traiettoria reattiva sul           1 : ik=          14
 traiettoria reattiva sul           1 : ik=          15
 traiettoria reattiva sul           1 : ik=          16
 traiettoria reattiva sul           1 : ik=          18
 traiettoria reattiva sul           1 : ik=          19
 merging file photo02.dyn ...
 nintx, nflo =          40          89
 traiettoria reattiva sul           2 : ik=           1
 traiettoria reattiva sul           2 : ik=           2
 traiettoria reattiva sul           2 : ik=           3
 traiettoria reattiva sul           2 : ik=           4
 traiettoria reattiva sul           2 : ik=           6
 traiettoria reattiva sul           2 : ik=           7
 traiettoria reattiva sul           2 : ik=           8
 traiettoria reattiva sul           2 : ik=          10
 traiettoria reattiva sul           2 : ik=          11
 traiettoria reattiva sul           2 : ik=          12
 traiettoria reattiva sul           2 : ik=          13
 traiettoria reattiva sul           2 : ik=          14
 traiettoria reattiva sul           2 : ik=          15
 traiettoria reattiva sul           2 : ik=          16
 traiettoria reattiva sul           2 : ik=          18
 traiettoria reattiva sul           2 : ik=          19
 traiettoria reattiva sul           2 : ik=          20
 merging file photo03.dyn ...
 nintx, nflo =          40          89
 traiettoria reattiva sul           3 : ik=           1
 traiettoria reattiva sul           3 : ik=           2
 traiettoria reattiva sul           3 : ik=           3
 traiettoria reattiva sul           3 : ik=           4
 traiettoria reattiva sul           3 : ik=           5
 traiettoria reattiva sul           3 : ik=           9
 traiettoria reattiva sul           3 : ik=          10
 traiettoria reattiva sul           3 : ik=          11
 traiettoria reattiva sul           3 : ik=          14
 traiettoria reattiva sul           3 : ik=          15
 traiettoria reattiva sul           3 : ik=          16
 traiettoria reattiva sul           3 : ik=          17
 traiettoria reattiva sul           3 : ik=          18
 traiettoria reattiva sul           3 : ik=          19
 merging file photo04.dyn ...
 nintx, nflo =          40          89
 traiettoria reattiva sul           4 : ik=           1
 traiettoria reattiva sul           4 : ik=           2
 traiettoria reattiva sul           4 : ik=           3
 traiettoria reattiva sul           4 : ik=           5
 traiettoria reattiva sul           4 : ik=           7
 traiettoria reattiva sul           4 : ik=           8
 traiettoria reattiva sul           4 : ik=           9
 traiettoria reattiva sul           4 : ik=          10
 traiettoria reattiva sul           4 : ik=          12
 traiettoria reattiva sul           4 : ik=          13
 traiettoria reattiva sul           4 : ik=          15
 traiettoria reattiva sul           4 : ik=          16
 traiettoria reattiva sul           4 : ik=          18
 traiettoria reattiva sul           4 : ik=          20
 merging file photo05.dyn ...
 nintx, nflo =          40          89
 traiettoria reattiva sul           5 : ik=           1
 traiettoria reattiva sul           5 : ik=           4
 traiettoria reattiva sul           5 : ik=           7
 traiettoria reattiva sul           5 : ik=           9
 traiettoria reattiva sul           5 : ik=          10
 traiettoria reattiva sul           5 : ik=          12
 traiettoria reattiva sul           5 : ik=          15
 traiettoria reattiva sul           5 : ik=          16
 traiettoria reattiva sul           5 : ik=          17
 traiettoria reattiva sul           5 : ik=          18
 traiettoria reattiva sul           5 : ik=          19
 traiettoria reattiva sul           5 : ik=          20
 merging file photo06.dyn ...
 nintx, nflo =          40          89
 traiettoria reattiva sul           6 : ik=           1
 traiettoria reattiva sul           6 : ik=           2
 traiettoria reattiva sul           6 : ik=           3
 traiettoria reattiva sul           6 : ik=           4
 traiettoria reattiva sul           6 : ik=           5
 traiettoria reattiva sul           6 : ik=           6
 traiettoria reattiva sul           6 : ik=           7
 traiettoria reattiva sul           6 : ik=           9
 traiettoria reattiva sul           6 : ik=          11
 traiettoria reattiva sul           6 : ik=          12
 traiettoria reattiva sul           6 : ik=          13
 traiettoria reattiva sul           6 : ik=          14
 traiettoria reattiva sul           6 : ik=          15
 traiettoria reattiva sul           6 : ik=          16
 traiettoria reattiva sul           6 : ik=          17
 traiettoria reattiva sul           6 : ik=          18
 traiettoria reattiva sul           6 : ik=          19
 traiettoria reattiva sul           6 : ik=          20
 merging file photo07.dyn ...
 nintx, nflo =          40          89
 traiettoria reattiva sul           7 : ik=           1
 traiettoria reattiva sul           7 : ik=           3
 traiettoria reattiva sul           7 : ik=           5
 traiettoria reattiva sul           7 : ik=           7
 traiettoria reattiva sul           7 : ik=           9
 traiettoria reattiva sul           7 : ik=          10
 traiettoria reattiva sul           7 : ik=          11
 traiettoria reattiva sul           7 : ik=          12
 traiettoria reattiva sul           7 : ik=          13
 traiettoria reattiva sul           7 : ik=          15
 traiettoria reattiva sul           7 : ik=          16
 traiettoria reattiva sul           7 : ik=          17
 traiettoria reattiva sul           7 : ik=          18
 traiettoria reattiva sul           7 : ik=          19
 traiettoria reattiva sul           7 : ik=          20
 merging file photo08.dyn ...
 nintx, nflo =          40          89
 traiettoria reattiva sul           8 : ik=           1
 traiettoria reattiva sul           8 : ik=           2
 traiettoria reattiva sul           8 : ik=           3
 traiettoria reattiva sul           8 : ik=           5
 traiettoria reattiva sul           8 : ik=           6
 traiettoria reattiva sul           8 : ik=           9
 traiettoria reattiva sul           8 : ik=          10
 traiettoria reattiva sul           8 : ik=          11
 traiettoria reattiva sul           8 : ik=          12
 traiettoria reattiva sul           8 : ik=          13
 traiettoria reattiva sul           8 : ik=          14
 traiettoria reattiva sul           8 : ik=          15
 traiettoria reattiva sul           8 : ik=          16
 traiettoria reattiva sul           8 : ik=          18
 traiettoria reattiva sul           8 : ik=          20
 merging file photo09.dyn ...
 nintx, nflo =          40          89
 traiettoria reattiva sul           9 : ik=           1
 traiettoria reattiva sul           9 : ik=           2
 traiettoria reattiva sul           9 : ik=           3
 traiettoria reattiva sul           9 : ik=           5
 traiettoria reattiva sul           9 : ik=           7
 traiettoria reattiva sul           9 : ik=           8
 traiettoria reattiva sul           9 : ik=          10
 traiettoria reattiva sul           9 : ik=          11
 traiettoria reattiva sul           9 : ik=          12
 traiettoria reattiva sul           9 : ik=          13
 traiettoria reattiva sul           9 : ik=          14
 traiettoria reattiva sul           9 : ik=          15
 traiettoria reattiva sul           9 : ik=          16
 traiettoria reattiva sul           9 : ik=          17
 traiettoria reattiva sul           9 : ik=          18
 traiettoria reattiva sul           9 : ik=          19
 traiettoria reattiva sul           9 : ik=          20
 merging file photo10.dyn ...
 nintx, nflo =          40          89
 traiettoria reattiva sul          10 : ik=           1
 traiettoria reattiva sul          10 : ik=           2
 traiettoria reattiva sul          10 : ik=           3
 traiettoria reattiva sul          10 : ik=           4
 traiettoria reattiva sul          10 : ik=           8
 traiettoria reattiva sul          10 : ik=           9
 traiettoria reattiva sul          10 : ik=          11
 traiettoria reattiva sul          10 : ik=          12
 traiettoria reattiva sul          10 : ik=          14
 traiettoria reattiva sul          10 : ik=          15
 traiettoria reattiva sul          10 : ik=          16
 traiettoria reattiva sul          10 : ik=          17
 traiettoria reattiva sul          10 : ik=          18
 traiettoria reattiva sul          10 : ik=          19
 traiettoria reattiva sul          10 : ik=          20
 merging file photo11.dyn ...
 nintx, nflo =          40          89
 traiettoria reattiva sul          11 : ik=           1
 traiettoria reattiva sul          11 : ik=           2
 traiettoria reattiva sul          11 : ik=           4
 traiettoria reattiva sul          11 : ik=           7
 traiettoria reattiva sul          11 : ik=           8
 traiettoria reattiva sul          11 : ik=          10
 traiettoria reattiva sul          11 : ik=          11
 traiettoria reattiva sul          11 : ik=          12
 traiettoria reattiva sul          11 : ik=          14
 traiettoria reattiva sul          11 : ik=          15
 traiettoria reattiva sul          11 : ik=          16
 traiettoria reattiva sul          11 : ik=          17
 traiettoria reattiva sul          11 : ik=          18
 traiettoria reattiva sul          11 : ik=          20
 merging file photo12.dyn ...
 nintx, nflo =          40          89
 traiettoria reattiva sul          12 : ik=           1
 traiettoria reattiva sul          12 : ik=           4
 traiettoria reattiva sul          12 : ik=           5
 traiettoria reattiva sul          12 : ik=           7
 traiettoria reattiva sul          12 : ik=           8
 traiettoria reattiva sul          12 : ik=           9
 traiettoria reattiva sul          12 : ik=          10
 traiettoria reattiva sul          12 : ik=          12
 traiettoria reattiva sul          12 : ik=          13
 traiettoria reattiva sul          12 : ik=          14
 traiettoria reattiva sul          12 : ik=          16
 traiettoria reattiva sul          12 : ik=          17
 traiettoria reattiva sul          12 : ik=          18
 traiettoria reattiva sul          12 : ik=          19
 traiettoria reattiva sul          12 : ik=          20
 merging file photo13.dyn ...
 nintx, nflo =          40          89
 traiettoria reattiva sul          13 : ik=           1
 traiettoria reattiva sul          13 : ik=           3
 traiettoria reattiva sul          13 : ik=           4
 traiettoria reattiva sul          13 : ik=           5
 traiettoria reattiva sul          13 : ik=           6
 traiettoria reattiva sul          13 : ik=           7
 traiettoria reattiva sul          13 : ik=           8
 traiettoria reattiva sul          13 : ik=           9
 traiettoria reattiva sul          13 : ik=          10
 traiettoria reattiva sul          13 : ik=          11
 traiettoria reattiva sul          13 : ik=          12
 traiettoria reattiva sul          13 : ik=          13
 traiettoria reattiva sul          13 : ik=          19
 traiettoria reattiva sul          13 : ik=          20
 merging file photo14.dyn ...
 nintx, nflo =          40          89
 traiettoria reattiva sul          14 : ik=           1
 traiettoria reattiva sul          14 : ik=           2
 traiettoria reattiva sul          14 : ik=           3
 traiettoria reattiva sul          14 : ik=           4
 traiettoria reattiva sul          14 : ik=           5
 traiettoria reattiva sul          14 : ik=           6
 traiettoria reattiva sul          14 : ik=           8
 traiettoria reattiva sul          14 : ik=           9
 traiettoria reattiva sul          14 : ik=          10
 traiettoria reattiva sul          14 : ik=          11
 traiettoria reattiva sul          14 : ik=          12
 traiettoria reattiva sul          14 : ik=          13
 traiettoria reattiva sul          14 : ik=          14
 traiettoria reattiva sul          14 : ik=          15
 traiettoria reattiva sul          14 : ik=          16
 traiettoria reattiva sul          14 : ik=          17
 traiettoria reattiva sul          14 : ik=          19
 traiettoria reattiva sul          14 : ik=          20
 merging file photo15.dyn ...
 nintx, nflo =          40          89
 traiettoria reattiva sul          15 : ik=           1
 traiettoria reattiva sul          15 : ik=           2
 traiettoria reattiva sul          15 : ik=           3
 traiettoria reattiva sul          15 : ik=           4
 traiettoria reattiva sul          15 : ik=           6
 traiettoria reattiva sul          15 : ik=           7
 traiettoria reattiva sul          15 : ik=           8
 traiettoria reattiva sul          15 : ik=           9
 traiettoria reattiva sul          15 : ik=          10
 traiettoria reattiva sul          15 : ik=          11
 traiettoria reattiva sul          15 : ik=          13
 traiettoria reattiva sul          15 : ik=          14
 traiettoria reattiva sul          15 : ik=          15
 traiettoria reattiva sul          15 : ik=          16
 traiettoria reattiva sul          15 : ik=          17
 traiettoria reattiva sul          15 : ik=          18
 traiettoria reattiva sul          15 : ik=          20
 merging file photo16.dyn ...
 nintx, nflo =          40          89
 traiettoria reattiva sul          16 : ik=           2
 traiettoria reattiva sul          16 : ik=           4
 traiettoria reattiva sul          16 : ik=           5
 traiettoria reattiva sul          16 : ik=           6
 traiettoria reattiva sul          16 : ik=           7
 traiettoria reattiva sul          16 : ik=           8
 traiettoria reattiva sul          16 : ik=          10
 traiettoria reattiva sul          16 : ik=          11
 traiettoria reattiva sul          16 : ik=          12
 traiettoria reattiva sul          16 : ik=          13
 traiettoria reattiva sul          16 : ik=          14
 traiettoria reattiva sul          16 : ik=          16
 traiettoria reattiva sul          16 : ik=          17
 traiettoria reattiva sul          16 : ik=          18
 traiettoria reattiva sul          16 : ik=          19
 traiettoria reattiva sul          16 : ik=          20
 merging file photo17.dyn ...
 nintx, nflo =          40          89
 traiettoria reattiva sul          17 : ik=           1
 traiettoria reattiva sul          17 : ik=           2
 traiettoria reattiva sul          17 : ik=           3
 traiettoria reattiva sul          17 : ik=           4
 traiettoria reattiva sul          17 : ik=           5
 traiettoria reattiva sul          17 : ik=           6
 traiettoria reattiva sul          17 : ik=           9
 traiettoria reattiva sul          17 : ik=          10
 traiettoria reattiva sul          17 : ik=          11
 traiettoria reattiva sul          17 : ik=          12
 traiettoria reattiva sul          17 : ik=          13
 traiettoria reattiva sul          17 : ik=          14
 traiettoria reattiva sul          17 : ik=          15
 traiettoria reattiva sul          17 : ik=          16
 traiettoria reattiva sul          17 : ik=          17
 traiettoria reattiva sul          17 : ik=          18
 traiettoria reattiva sul          17 : ik=          19
 merging file photo18.dyn ...
 nintx, nflo =          40          89
 traiettoria reattiva sul          18 : ik=           1
 traiettoria reattiva sul          18 : ik=           5
 traiettoria reattiva sul          18 : ik=           6
 traiettoria reattiva sul          18 : ik=           7
 traiettoria reattiva sul          18 : ik=           9
 traiettoria reattiva sul          18 : ik=          11
 traiettoria reattiva sul          18 : ik=          12
 traiettoria reattiva sul          18 : ik=          13
 traiettoria reattiva sul          18 : ik=          14
 traiettoria reattiva sul          18 : ik=          15
 traiettoria reattiva sul          18 : ik=          19
 merging file photo19.dyn ...
 nintx, nflo =          40          89
 traiettoria reattiva sul          19 : ik=           1
 traiettoria reattiva sul          19 : ik=           2
 traiettoria reattiva sul          19 : ik=           4
 traiettoria reattiva sul          19 : ik=           5
 traiettoria reattiva sul          19 : ik=           6
 traiettoria reattiva sul          19 : ik=           7
 traiettoria reattiva sul          19 : ik=           8
 traiettoria reattiva sul          19 : ik=           9
 traiettoria reattiva sul          19 : ik=          10
 traiettoria reattiva sul          19 : ik=          13
 traiettoria reattiva sul          19 : ik=          14
 traiettoria reattiva sul          19 : ik=          15
 traiettoria reattiva sul          19 : ik=          16
 traiettoria reattiva sul          19 : ik=          17
 traiettoria reattiva sul          19 : ik=          19
 traiettoria reattiva sul          19 : ik=          20
 merging file photo20.dyn ...
 nintx, nflo =          40          89
 traiettoria reattiva sul          20 : ik=           1
 traiettoria reattiva sul          20 : ik=           3
 traiettoria reattiva sul          20 : ik=           4
 traiettoria reattiva sul          20 : ik=           5
 traiettoria reattiva sul          20 : ik=           7
 traiettoria reattiva sul          20 : ik=           9
 traiettoria reattiva sul          20 : ik=          10
 traiettoria reattiva sul          20 : ik=          11
 traiettoria reattiva sul          20 : ik=          12
 traiettoria reattiva sul          20 : ik=          13
