1 6332
2 4164
3 3248
4 2007
5 9246
6 8999
7 8999
8 1731
9 6980
10 8831
11 8831
12 8831
13 8831
14 3593
15 4059
16 4059
17 345
18 345
19 8261
20 60
21 405
22 405
23 405
24 1319
25 1586
26 810
27 810
28 6154
29 6154
30 6154
31 7082
32 9775
33 6825
34 7052
35 276
36 9589
37 681
38 7563
39 1905
40 8041
41 8403
42 8573
43 7255
44 8378
45 8873
46 7394
47 6663
48 5439
49 5439
50 749
51 6181
52 5034
53 7805
54 8663
55 3771
56 181
57 181
58 5653
59 9833
60 9833
61 2496
62 7124
63 666
64 6896
65 2509
66 6109
67 6835
68 6761
69 1977
70 1882
71 6080
72 6254
73 6254
74 5428
75 3596
76 3596
77 4345
78 6691
79 6065
80 216
81 4542
82 4556
83 6871
84 4622
85 7403
86 2250
87 2348
88 5633
89 7403
90 8731
91 5211
92 629
93 7848
94 83
95 83
96 5802
97 2870
98 2851
99 2851
100 2483
101 4565
102 4565
103 2161
104 8503
105 8503
106 5134
107 685
108 7026
109 7026
110 6491
111 6491
112 1493
113 1493
114 2217
115 1012
116 2112
117 8045
118 8045
119 1101
120 1101
121 1101
122 6132
123 3010
124 8184
125 5392
126 8613
127 3075
128 4894
129 8735
130 3084
131 7085
132 5946
133 1414
134 5712
135 987
136 371
137 5860
138 4687
139 4687
140 4687
141 4313
142 4313
143 1697
144 1031
145 9524
146 8951
147 8951
148 5006
149 9106
150 8156
151 8156
152 8156
153 2538
154 446
155 7757
156 1569
157 960
158 6302
159 3319
160 6380
161 4380
162 7524
163 7094
164 7094
165 6584
166 3345
167 376
168 6363
169 4515
170 294
171 294
172 294
173 4477
174 8375
175 3129
176 3129
177 9426
178 3729
179 1672
180 4758
181 3812
182 3826
183 1289
184 914
185 6782
186 6701
187 3975
188 3975
189 3242
190 192
191 6095
192 2483
193 1869
194 3114
195 3114
196 3122
197 2509
198 8503
199 3597
200 3597
201 5613
202 4964
203 1566
204 3374
205 5774
206 5774
207 6282
208 6916
209 9105
210 9134
211 5368
212 3067
213 1513
214 6761
215 6687
216 1771
217 2279
218 1574
219 3452
220 3452
221 9878
222 4126
223 6332
224 3075
225 3075
226 8147
227 3834
228 1341
229 1341
230 1569
231 1701
232 181
233 2470
234 7408
235 2434
236 3457
237 2851
238 2851
239 4383
240 1740
241 9222
242 5412
243 4059
244 4059
245 105
246 105
247 8156
248 8156
249 9200
250 9200
251 2217
252 9962
253 4740
254 3640
255 2539
256 905
257 905
258 905
259 245
260 7147
261 7147
262 5141
263 5093
264 4900
265 9424
266 739
267 8229
268 5220
269 5305
270 1617
271 1028
272 4169
273 3947
274 3947
275 26
276 6302
277 470
278 8435
279 3188
280 6487
281 3655
282 1316
283 878
284 878
285 878
286 5287
287 4447
288 94
289 5499
290 5499
291 9365
292 6154
293 6154
294 6154
295 6154
296 8928
297 1539
298 1852
299 9720
300 8767
301 8823
302 810
303 6062
304 6062
305 5284
306 9953
307 9953
308 5181
309 7751
310 9058
311 951
312 951
313 1449
314 8582
315 6283
316 6283
317 6283
318 5714
319 9856
320 9856
321 5208
322 7673
323 5721
324 9192
325 4236
326 3241
327 5185
328 2643
329 4930
330 4930
331 4930
332 8260
333 8232
334 6428
335 4313
336 4313
337 4376
338 9217
339 4964
340 7152
341 5713
342 7030
343 4421
344 4984
345 8586
346 7103
347 3808
348 4510
349 1245
350 1245
351 192
352 2925
353 7600
354 7600
355 3957
356 7990
357 6805
358 4469
359 4469
360 5813
361 6349
362 5212
363 4515
364 652
365 1977
366 4110
367 4110
368 4695
369 4565
370 6103
371 4367
372 1019
373 3960
374 3960
375 3960
376 6364
377 2177
378 809
379 3000
380 5900
381 7013
382 9544
383 3960
384 3960
385 6210
386 8743
387 2744
388 3052
389 265
390 5713
391 5211
392 3452
393 105
