

*******************************************************************************
Wed Jun  1 10:42:28 2022


FIT:    data read from 'snap.time.isurf' using 1:5
        format = x:z
        x range restricted to [0.00000 : 600.000]
        #datapoints = 601
        residuals are weighted equally (unit weight)

function used for fitting: pop(x)
	pop(x) = x<td ? 1.0 : exp(-(x-td)/tau)
fitted parameters initialized with current variable values

iter      chisq       delta/lim  lambda   td            tau          
   0 6.9621827822e+00   0.00e+00  1.62e-01    3.600000e+01   1.000000e+02
   5 2.4958735415e-01  -6.92e-01  1.62e-06    6.674063e+01   1.168881e+02

After 5 iterations the fit converged.
final sum of squares of residuals : 0.249587
rel. change during last iteration : -6.92359e-06

degrees of freedom    (FIT_NDF)                        : 599
rms of residuals      (FIT_STDFIT) = sqrt(WSSR/ndf)    : 0.0204126
variance of residuals (reduced chisquare) = WSSR/ndf   : 0.000416673

Final set of parameters            Asymptotic Standard Error
=======================            ==========================
td              = 66.7406          +/- 0.4401       (0.6595%)
tau             = 116.888          +/- 0.6258       (0.5354%)

correlation matrix of the fit parameters:
                td     tau    
td              1.000 
tau            -0.707  1.000 


*******************************************************************************
Wed Jun  1 10:43:37 2022


FIT:    data read from 'azmtraj.pun' using 1:9
        format = x:z
        x range restricted to [1000.00 : 10000.0]
        #datapoints = 4501
        residuals are weighted equally (unit weight)

function used for fitting: tra(x)
	tra(x) = at * exp(-x/taut)
fitted parameters initialized with current variable values

iter      chisq       delta/lim  lambda   at            taut         
   0 1.1821150035e+01   0.00e+00  1.13e-01    2.000000e-01   2.000000e+04
   7 1.4319251049e-02  -3.28e-02  1.13e-08    2.067427e-01   2.085412e+05

After 7 iterations the fit converged.
final sum of squares of residuals : 0.0143193
rel. change during last iteration : -3.27937e-07

degrees of freedom    (FIT_NDF)                        : 4499
rms of residuals      (FIT_STDFIT) = sqrt(WSSR/ndf)    : 0.00178403
variance of residuals (reduced chisquare) = WSSR/ndf   : 3.18276e-06

Final set of parameters            Asymptotic Standard Error
=======================            ==========================
at              = 0.206743         +/- 6.33e-05     (0.03062%)
taut            = 208541           +/- 2212         (1.061%)

correlation matrix of the fit parameters:
                at     taut   
at              1.000 
taut           -0.902  1.000 


*******************************************************************************
Wed Jun  1 10:43:38 2022


FIT:    data read from 'azmtraj.pun' using 1:3
        format = x:z
        #datapoints = 5001
        residuals are weighted equally (unit weight)

function used for fitting: und(x)
	und(x) = x<td ? 1.0 : w*exp(-(x-td)/tau1) + (1-w)*exp(-(x-td)/tau2)
fitted parameters initialized with current variable values

iter      chisq       delta/lim  lambda   td            tau1          tau2          w            
   0 2.2215683108e+03   0.00e+00  6.87e-02    1.700000e+02   1.000000e+02   1.000000e+03   3.000000e-01
  10 1.2279906127e-01  -5.01e-03  6.87e-09    1.733698e+02   1.876252e+02   1.067284e+05   2.350927e-01

After 10 iterations the fit converged.
final sum of squares of residuals : 0.122799
rel. change during last iteration : -5.01318e-08

degrees of freedom    (FIT_NDF)                        : 4997
rms of residuals      (FIT_STDFIT) = sqrt(WSSR/ndf)    : 0.00495727
variance of residuals (reduced chisquare) = WSSR/ndf   : 2.45746e-05

Final set of parameters            Asymptotic Standard Error
=======================            ==========================
td              = 173.37           +/- 0.8172       (0.4713%)
tau1            = 187.625          +/- 1.255        (0.6688%)
tau2            = 106728           +/- 439.9        (0.4121%)
w               = 0.235093         +/- 0.00017      (0.07232%)

correlation matrix of the fit parameters:
                td     tau1   tau2   w      
td              1.000 
tau1           -0.699  1.000 
tau2           -0.124  0.343  1.000 
w              -0.111  0.372  0.891  1.000 
