

*******************************************************************************
Fri Mar 25 17:20:32 2022


FIT:    data read from 'snap.time.isurf' using 1:5
        format = x:z
        x range restricted to [0.00000 : 600.000]
        #datapoints = 601
        residuals are weighted equally (unit weight)

function used for fitting: pop(x)
	pop(x) = x<td ? 1.0 : exp(-(x-td)/tau)
fitted parameters initialized with current variable values

iter      chisq       delta/lim  lambda   td            tau          
   0 4.2226603690e+00   0.00e+00  1.62e-01    3.600000e+01   1.000000e+02
   6 2.9180330295e-01  -4.28e-02  1.62e-07    7.316218e+01   8.578355e+01

After 6 iterations the fit converged.
final sum of squares of residuals : 0.291803
rel. change during last iteration : -4.27569e-07

degrees of freedom    (FIT_NDF)                        : 599
rms of residuals      (FIT_STDFIT) = sqrt(WSSR/ndf)    : 0.0220715
variance of residuals (reduced chisquare) = WSSR/ndf   : 0.000487151

Final set of parameters            Asymptotic Standard Error
=======================            ==========================
td              = 73.1622          +/- 0.4119       (0.563%)
tau             = 85.7836          +/- 0.5807       (0.6769%)

correlation matrix of the fit parameters:
                td     tau    
td              1.000 
tau            -0.710  1.000 


*******************************************************************************
Fri Mar 25 19:26:40 2022


FIT:    data read from 'azmtraj.pun' using 1:9
        format = x:z
        x range restricted to [1000.00 : 10000.0]
        #datapoints = 4501
        residuals are weighted equally (unit weight)

function used for fitting: tra(x)
	tra(x) = at * exp(-x/taut)
fitted parameters initialized with current variable values

iter      chisq       delta/lim  lambda   at            taut         
   0 9.2067160764e+00   0.00e+00  1.13e-01    2.000000e-01   2.000000e+04
   4 5.2771214207e-02  -9.76e-01  1.13e-05    1.738597e-01   1.100978e+04

After 4 iterations the fit converged.
final sum of squares of residuals : 0.0527712
rel. change during last iteration : -9.76343e-06

degrees of freedom    (FIT_NDF)                        : 4499
rms of residuals      (FIT_STDFIT) = sqrt(WSSR/ndf)    : 0.00342484
variance of residuals (reduced chisquare) = WSSR/ndf   : 1.17295e-05

Final set of parameters            Asymptotic Standard Error
=======================            ==========================
at              = 0.17386          +/- 0.0001623    (0.09333%)
taut            = 11009.8          +/- 22.81        (0.2071%)

correlation matrix of the fit parameters:
                at     taut   
at              1.000 
taut           -0.871  1.000 


*******************************************************************************
Fri Mar 25 19:26:40 2022


FIT:    data read from 'azmtraj.pun' using 1:3
        format = x:z
        #datapoints = 5001
        residuals are weighted equally (unit weight)

function used for fitting: und(x)
	und(x) = x<td ? 1.0 : w*exp(-(x-td)/tau1) + (1-w)*exp(-(x-td)/tau2)
fitted parameters initialized with current variable values

iter      chisq       delta/lim  lambda   td            tau1          tau2          w            
   0 3.0306555080e+02   0.00e+00  6.87e-02    1.700000e+02   1.000000e+02   1.000000e+03   3.000000e-01
   8 3.7126044430e-01  -1.18e-01  6.87e-08    1.565032e+02   2.447857e+02   7.385982e+03   4.511681e-01

After 8 iterations the fit converged.
final sum of squares of residuals : 0.37126
rel. change during last iteration : -1.17688e-06

degrees of freedom    (FIT_NDF)                        : 4997
rms of residuals      (FIT_STDFIT) = sqrt(WSSR/ndf)    : 0.00861955
variance of residuals (reduced chisquare) = WSSR/ndf   : 7.42967e-05

Final set of parameters            Asymptotic Standard Error
=======================            ==========================
td              = 156.503          +/- 0.8346       (0.5333%)
tau1            = 244.786          +/- 1.441        (0.5889%)
tau2            = 7385.98          +/- 10.66        (0.1443%)
w               = 0.451168         +/- 0.0004629    (0.1026%)

correlation matrix of the fit parameters:
                td     tau1   tau2   w      
td              1.000 
tau1           -0.693  1.000 
tau2           -0.166  0.449  1.000 
w              -0.081  0.471  0.855  1.000 


*******************************************************************************
Sat Mar 26 13:00:37 2022


FIT:    data read from 'snap.time.isurf' using 1:5
        format = x:z
        x range restricted to [0.00000 : 600.000]
        #datapoints = 601
        residuals are weighted equally (unit weight)

function used for fitting: pop(x)
	pop(x) = x<td ? 1.0 : exp(-(x-td)/tau)
fitted parameters initialized with current variable values

iter      chisq       delta/lim  lambda   td            tau          
   0 4.2226603690e+00   0.00e+00  1.62e-01    3.600000e+01   1.000000e+02
   6 2.9180330295e-01  -4.28e-02  1.62e-07    7.316218e+01   8.578355e+01

After 6 iterations the fit converged.
final sum of squares of residuals : 0.291803
rel. change during last iteration : -4.27569e-07

degrees of freedom    (FIT_NDF)                        : 599
rms of residuals      (FIT_STDFIT) = sqrt(WSSR/ndf)    : 0.0220715
variance of residuals (reduced chisquare) = WSSR/ndf   : 0.000487151

Final set of parameters            Asymptotic Standard Error
=======================            ==========================
td              = 73.1622          +/- 0.4119       (0.563%)
tau             = 85.7836          +/- 0.5807       (0.6769%)

correlation matrix of the fit parameters:
                td     tau    
td              1.000 
tau            -0.710  1.000 


*******************************************************************************
Sat Mar 26 13:01:59 2022


FIT:    data read from 'azmtraj.pun' using 1:9
        format = x:z
        x range restricted to [1000.00 : 10000.0]
        #datapoints = 4501
        residuals are weighted equally (unit weight)

function used for fitting: tra(x)
	tra(x) = at * exp(-x/taut)
fitted parameters initialized with current variable values

iter      chisq       delta/lim  lambda   at            taut         
   0 9.2067160764e+00   0.00e+00  1.13e-01    2.000000e-01   2.000000e+04
   4 5.2771214207e-02  -9.76e-01  1.13e-05    1.738597e-01   1.100978e+04

After 4 iterations the fit converged.
final sum of squares of residuals : 0.0527712
rel. change during last iteration : -9.76343e-06

degrees of freedom    (FIT_NDF)                        : 4499
rms of residuals      (FIT_STDFIT) = sqrt(WSSR/ndf)    : 0.00342484
variance of residuals (reduced chisquare) = WSSR/ndf   : 1.17295e-05

Final set of parameters            Asymptotic Standard Error
=======================            ==========================
at              = 0.17386          +/- 0.0001623    (0.09333%)
taut            = 11009.8          +/- 22.81        (0.2071%)

correlation matrix of the fit parameters:
                at     taut   
at              1.000 
taut           -0.871  1.000 


*******************************************************************************
Sat Mar 26 13:01:59 2022


FIT:    data read from 'azmtraj.pun' using 1:3
        format = x:z
        #datapoints = 5001
        residuals are weighted equally (unit weight)

function used for fitting: und(x)
	und(x) = x<td ? 1.0 : w*exp(-(x-td)/tau1) + (1-w)*exp(-(x-td)/tau2)
fitted parameters initialized with current variable values

iter      chisq       delta/lim  lambda   td            tau1          tau2          w            
   0 3.0306555080e+02   0.00e+00  6.87e-02    1.700000e+02   1.000000e+02   1.000000e+03   3.000000e-01
   8 3.7126044430e-01  -1.18e-01  6.87e-08    1.565032e+02   2.447857e+02   7.385982e+03   4.511681e-01

After 8 iterations the fit converged.
final sum of squares of residuals : 0.37126
rel. change during last iteration : -1.17688e-06

degrees of freedom    (FIT_NDF)                        : 4997
rms of residuals      (FIT_STDFIT) = sqrt(WSSR/ndf)    : 0.00861955
variance of residuals (reduced chisquare) = WSSR/ndf   : 7.42967e-05

Final set of parameters            Asymptotic Standard Error
=======================            ==========================
td              = 156.503          +/- 0.8346       (0.5333%)
tau1            = 244.786          +/- 1.441        (0.5889%)
tau2            = 7385.98          +/- 10.66        (0.1443%)
w               = 0.451168         +/- 0.0004629    (0.1026%)

correlation matrix of the fit parameters:
                td     tau1   tau2   w      
td              1.000 
tau1           -0.693  1.000 
tau2           -0.166  0.449  1.000 
w              -0.081  0.471  0.855  1.000 


*******************************************************************************
Sat Mar 26 13:09:25 2022


FIT:    data read from 'azmtraj.pun' using 1:9
        format = x:z
        x range restricted to [1000.00 : 10000.0]
        #datapoints = 4501
        residuals are weighted equally (unit weight)

function used for fitting: tra(x)
	tra(x) = at * exp(-x/taut)
fitted parameters initialized with current variable values

iter      chisq       delta/lim  lambda   at            taut         
   0 9.2067160764e+00   0.00e+00  1.13e-01    2.000000e-01   2.000000e+04
   4 5.2771214207e-02  -9.76e-01  1.13e-05    1.738597e-01   1.100978e+04

After 4 iterations the fit converged.
final sum of squares of residuals : 0.0527712
rel. change during last iteration : -9.76343e-06

degrees of freedom    (FIT_NDF)                        : 4499
rms of residuals      (FIT_STDFIT) = sqrt(WSSR/ndf)    : 0.00342484
variance of residuals (reduced chisquare) = WSSR/ndf   : 1.17295e-05

Final set of parameters            Asymptotic Standard Error
=======================            ==========================
at              = 0.17386          +/- 0.0001623    (0.09333%)
taut            = 11009.8          +/- 22.81        (0.2071%)

correlation matrix of the fit parameters:
                at     taut   
at              1.000 
taut           -0.871  1.000 


*******************************************************************************
Sat Mar 26 13:09:25 2022


FIT:    data read from 'azmtraj.pun' using 1:3
        format = x:z
        #datapoints = 5001
        residuals are weighted equally (unit weight)

function used for fitting: und(x)
	und(x) = x<td ? 1.0 : w*exp(-(x-td)/tau1) + (1-w)*exp(-(x-td)/tau2)
fitted parameters initialized with current variable values

iter      chisq       delta/lim  lambda   td            tau1          tau2          w            
   0 3.0306555080e+02   0.00e+00  6.87e-02    1.700000e+02   1.000000e+02   1.000000e+03   3.000000e-01
   8 3.7126044430e-01  -1.18e-01  6.87e-08    1.565032e+02   2.447857e+02   7.385982e+03   4.511681e-01

After 8 iterations the fit converged.
final sum of squares of residuals : 0.37126
rel. change during last iteration : -1.17688e-06

degrees of freedom    (FIT_NDF)                        : 4997
rms of residuals      (FIT_STDFIT) = sqrt(WSSR/ndf)    : 0.00861955
variance of residuals (reduced chisquare) = WSSR/ndf   : 7.42967e-05

Final set of parameters            Asymptotic Standard Error
=======================            ==========================
td              = 156.503          +/- 0.8346       (0.5333%)
tau1            = 244.786          +/- 1.441        (0.5889%)
tau2            = 7385.98          +/- 10.66        (0.1443%)
w               = 0.451168         +/- 0.0004629    (0.1026%)

correlation matrix of the fit parameters:
                td     tau1   tau2   w      
td              1.000 
tau1           -0.693  1.000 
tau2           -0.166  0.449  1.000 
w              -0.081  0.471  0.855  1.000 


*******************************************************************************
Wed Jul  6 22:12:02 2022


FIT:    data read from 'histo.Ek_az' using 1:3
        format = x:z
        x range restricted to [0.00000 : 2.00000]
        #datapoints = 10
        residuals are weighted equally (unit weight)

function used for fitting: n2(x)
	n2(x) = n2max*x*exp(-(x-n2av)**2/2.0*(n2std)**2)
fitted parameters initialized with current variable values

iter      chisq       delta/lim  lambda   n2av          n2max         n2std        
   0 1.7036436441e+01   0.00e+00  7.38e-01    3.000000e-01   1.500000e+00   2.000000e-01
 396 1.1825726998e-01  -9.94e-01  7.38e-05   -2.138749e+00   1.149593e+03   1.338500e+00

After 396 iterations the fit converged.
final sum of squares of residuals : 0.118257
rel. change during last iteration : -9.94429e-06

degrees of freedom    (FIT_NDF)                        : 7
rms of residuals      (FIT_STDFIT) = sqrt(WSSR/ndf)    : 0.129977
variance of residuals (reduced chisquare) = WSSR/ndf   : 0.0168939

Final set of parameters            Asymptotic Standard Error
=======================            ==========================
n2av            = -2.13875         +/- 2.759        (129%)
n2max           = 1149.59          +/- 7165         (623.2%)
n2std           = 1.3385           +/- 0.7271       (54.32%)

correlation matrix of the fit parameters:
                n2av   n2max  n2std  
n2av            1.000 
n2max          -0.999  1.000 
n2std           0.999 -0.995  1.000 


*******************************************************************************
Wed Jul  6 22:12:02 2022


FIT:    data read from 'histo.Ek_met2' using 1:3
        format = x:z
        x range restricted to [0.00000 : 2.00000]
        #datapoints = 10
        residuals are weighted equally (unit weight)

function used for fitting: met2(x)
	met2(x) = met2max*x*exp(-(x-met2av)**2/2.0*(met2std)**2)
fitted parameters initialized with current variable values

iter      chisq       delta/lim  lambda   met2av        met2max       met2std      
   0 1.2951920377e+01   0.00e+00  7.38e-01    3.000000e-01   1.500000e+00   2.000000e-01
  30 2.7374877549e-02  -2.01e-05  7.38e-01   -2.731186e-01   8.408998e+00   1.981006e+00

After 30 iterations the fit converged.
final sum of squares of residuals : 0.0273749
rel. change during last iteration : -2.0116e-10

degrees of freedom    (FIT_NDF)                        : 7
rms of residuals      (FIT_STDFIT) = sqrt(WSSR/ndf)    : 0.0625356
variance of residuals (reduced chisquare) = WSSR/ndf   : 0.0039107

Final set of parameters            Asymptotic Standard Error
=======================            ==========================
met2av          = -0.273119        +/- 0.1617       (59.19%)
met2max         = 8.409            +/- 2.06         (24.49%)
met2std         = 1.98101          +/- 0.1984       (10.02%)

correlation matrix of the fit parameters:
                met2av met2ma met2st 
met2av          1.000 
met2max        -0.981  1.000 
met2std         0.984 -0.934  1.000 


*******************************************************************************
Wed Jul  6 22:12:02 2022


FIT:    data read from 'histo.Ek_met1' using 1:3
        format = x:z
        x range restricted to [0.00000 : 2.00000]
        #datapoints = 10
        residuals are weighted equally (unit weight)

function used for fitting: met1(x)
	met1(x) = met1max*x*exp(-(x-met1av)**2/2.0*(met1std)**2)
fitted parameters initialized with current variable values

iter      chisq       delta/lim  lambda   met1av        met1max       met1std      
   0 1.7915381020e+01   0.00e+00  7.38e-01    3.000000e-01   1.500000e+00   2.000000e-01
  19 2.8954011997e-01  -2.00e-03  7.38e-02   -1.000219e-01   1.374641e+01   3.070145e+00

After 19 iterations the fit converged.
final sum of squares of residuals : 0.28954
rel. change during last iteration : -2.0012e-08

degrees of freedom    (FIT_NDF)                        : 7
rms of residuals      (FIT_STDFIT) = sqrt(WSSR/ndf)    : 0.203379
variance of residuals (reduced chisquare) = WSSR/ndf   : 0.0413629

Final set of parameters            Asymptotic Standard Error
=======================            ==========================
met1av          = -0.100022        +/- 0.2265       (226.4%)
met1max         = 13.7464          +/- 6.549        (47.64%)
met1std         = 3.07014          +/- 0.7376       (24.03%)

correlation matrix of the fit parameters:
                met1av met1ma met1st 
met1av          1.000 
met1max        -0.968  1.000 
met1std         0.976 -0.900  1.000 


*******************************************************************************
Wed Jul  6 22:12:32 2022


FIT:    data read from 'histo.Ek_az' using 1:3
        format = x:z
        x range restricted to [0.00000 : 2.00000]
        #datapoints = 10
        residuals are weighted equally (unit weight)

function used for fitting: n2(x)
	n2(x) = n2max*x*exp(-(x-n2av)**2/2.0*(n2std)**2)
fitted parameters initialized with current variable values

iter      chisq       delta/lim  lambda   n2av          n2max         n2std        
   0 1.7036436441e+01   0.00e+00  7.38e-01    3.000000e-01   1.500000e+00   2.000000e-01
 396 1.1825726998e-01  -9.94e-01  7.38e-05   -2.138749e+00   1.149593e+03   1.338500e+00

After 396 iterations the fit converged.
final sum of squares of residuals : 0.118257
rel. change during last iteration : -9.94429e-06

degrees of freedom    (FIT_NDF)                        : 7
rms of residuals      (FIT_STDFIT) = sqrt(WSSR/ndf)    : 0.129977
variance of residuals (reduced chisquare) = WSSR/ndf   : 0.0168939

Final set of parameters            Asymptotic Standard Error
=======================            ==========================
n2av            = -2.13875         +/- 2.759        (129%)
n2max           = 1149.59          +/- 7165         (623.2%)
n2std           = 1.3385           +/- 0.7271       (54.32%)

correlation matrix of the fit parameters:
                n2av   n2max  n2std  
n2av            1.000 
n2max          -0.999  1.000 
n2std           0.999 -0.995  1.000 


*******************************************************************************
Wed Jul  6 22:12:32 2022


FIT:    data read from 'histo.Ek_met2' using 1:3
        format = x:z
        x range restricted to [0.00000 : 2.00000]
        #datapoints = 10
        residuals are weighted equally (unit weight)

function used for fitting: met2(x)
	met2(x) = met2max*x*exp(-(x-met2av)**2/2.0*(met2std)**2)
fitted parameters initialized with current variable values

iter      chisq       delta/lim  lambda   met2av        met2max       met2std      
   0 1.2951920377e+01   0.00e+00  7.38e-01    3.000000e-01   1.500000e+00   2.000000e-01
  30 2.7374877549e-02  -2.01e-05  7.38e-01   -2.731186e-01   8.408998e+00   1.981006e+00

After 30 iterations the fit converged.
final sum of squares of residuals : 0.0273749
rel. change during last iteration : -2.0116e-10

degrees of freedom    (FIT_NDF)                        : 7
rms of residuals      (FIT_STDFIT) = sqrt(WSSR/ndf)    : 0.0625356
variance of residuals (reduced chisquare) = WSSR/ndf   : 0.0039107

Final set of parameters            Asymptotic Standard Error
=======================            ==========================
met2av          = -0.273119        +/- 0.1617       (59.19%)
met2max         = 8.409            +/- 2.06         (24.49%)
met2std         = 1.98101          +/- 0.1984       (10.02%)

correlation matrix of the fit parameters:
                met2av met2ma met2st 
met2av          1.000 
met2max        -0.981  1.000 
met2std         0.984 -0.934  1.000 


*******************************************************************************
Wed Jul  6 22:12:32 2022


FIT:    data read from 'histo.Ek_met1' using 1:3
        format = x:z
        x range restricted to [0.00000 : 2.00000]
        #datapoints = 10
        residuals are weighted equally (unit weight)

function used for fitting: met1(x)
	met1(x) = met1max*x*exp(-(x-met1av)**2/2.0*(met1std)**2)
fitted parameters initialized with current variable values

iter      chisq       delta/lim  lambda   met1av        met1max       met1std      
   0 1.7915381020e+01   0.00e+00  7.38e-01    3.000000e-01   1.500000e+00   2.000000e-01
  19 2.8954011997e-01  -2.00e-03  7.38e-02   -1.000219e-01   1.374641e+01   3.070145e+00

After 19 iterations the fit converged.
final sum of squares of residuals : 0.28954
rel. change during last iteration : -2.0012e-08

degrees of freedom    (FIT_NDF)                        : 7
rms of residuals      (FIT_STDFIT) = sqrt(WSSR/ndf)    : 0.203379
variance of residuals (reduced chisquare) = WSSR/ndf   : 0.0413629

Final set of parameters            Asymptotic Standard Error
=======================            ==========================
met1av          = -0.100022        +/- 0.2265       (226.4%)
met1max         = 13.7464          +/- 6.549        (47.64%)
met1std         = 3.07014          +/- 0.7376       (24.03%)

correlation matrix of the fit parameters:
                met1av met1ma met1st 
met1av          1.000 
met1max        -0.968  1.000 
met1std         0.976 -0.900  1.000 


*******************************************************************************
Wed Jul  6 22:34:15 2022


FIT:    data read from 'histo.Ek_az' using 1:3
        format = x:z
        x range restricted to [0.00000 : 2.00000]
        #datapoints = 10
        residuals are weighted equally (unit weight)

function used for fitting: n2(x)
	n2(x) = n2max*x*exp(-(x-n2av)**2/2.0*(n2std)**2)
fitted parameters initialized with current variable values

iter      chisq       delta/lim  lambda   n2av          n2max         n2std        
   0 1.7036436441e+01   0.00e+00  7.38e-01    3.000000e-01   1.500000e+00   2.000000e-01
 396 1.1825726998e-01  -9.94e-01  7.38e-05   -2.138749e+00   1.149593e+03   1.338500e+00

After 396 iterations the fit converged.
final sum of squares of residuals : 0.118257
rel. change during last iteration : -9.94429e-06

degrees of freedom    (FIT_NDF)                        : 7
rms of residuals      (FIT_STDFIT) = sqrt(WSSR/ndf)    : 0.129977
variance of residuals (reduced chisquare) = WSSR/ndf   : 0.0168939

Final set of parameters            Asymptotic Standard Error
=======================            ==========================
n2av            = -2.13875         +/- 2.759        (129%)
n2max           = 1149.59          +/- 7165         (623.2%)
n2std           = 1.3385           +/- 0.7271       (54.32%)

correlation matrix of the fit parameters:
                n2av   n2max  n2std  
n2av            1.000 
n2max          -0.999  1.000 
n2std           0.999 -0.995  1.000 


*******************************************************************************
Wed Jul  6 22:34:15 2022


FIT:    data read from 'histo.Ek_met2' using 1:3
        format = x:z
        x range restricted to [0.00000 : 2.00000]
        #datapoints = 10
        residuals are weighted equally (unit weight)

function used for fitting: met2(x)
	met2(x) = met2max*x*exp(-(x-met2av)**2/2.0*(met2std)**2)
fitted parameters initialized with current variable values

iter      chisq       delta/lim  lambda   met2av        met2max       met2std      
   0 1.2951920377e+01   0.00e+00  7.38e-01    3.000000e-01   1.500000e+00   2.000000e-01
  30 2.7374877549e-02  -2.01e-05  7.38e-01   -2.731186e-01   8.408998e+00   1.981006e+00

After 30 iterations the fit converged.
final sum of squares of residuals : 0.0273749
rel. change during last iteration : -2.0116e-10

degrees of freedom    (FIT_NDF)                        : 7
rms of residuals      (FIT_STDFIT) = sqrt(WSSR/ndf)    : 0.0625356
variance of residuals (reduced chisquare) = WSSR/ndf   : 0.0039107

Final set of parameters            Asymptotic Standard Error
=======================            ==========================
met2av          = -0.273119        +/- 0.1617       (59.19%)
met2max         = 8.409            +/- 2.06         (24.49%)
met2std         = 1.98101          +/- 0.1984       (10.02%)

correlation matrix of the fit parameters:
                met2av met2ma met2st 
met2av          1.000 
met2max        -0.981  1.000 
met2std         0.984 -0.934  1.000 


*******************************************************************************
Wed Jul  6 22:34:15 2022


FIT:    data read from 'histo.Ek_met1' using 1:3
        format = x:z
        x range restricted to [0.00000 : 2.00000]
        #datapoints = 10
        residuals are weighted equally (unit weight)

function used for fitting: met1(x)
	met1(x) = met1max*x*exp(-(x-met1av)**2/2.0*(met1std)**2)
fitted parameters initialized with current variable values

iter      chisq       delta/lim  lambda   met1av        met1max       met1std      
   0 1.7915381020e+01   0.00e+00  7.38e-01    3.000000e-01   1.500000e+00   2.000000e-01
  19 2.8954011997e-01  -2.00e-03  7.38e-02   -1.000219e-01   1.374641e+01   3.070145e+00

After 19 iterations the fit converged.
final sum of squares of residuals : 0.28954
rel. change during last iteration : -2.0012e-08

degrees of freedom    (FIT_NDF)                        : 7
rms of residuals      (FIT_STDFIT) = sqrt(WSSR/ndf)    : 0.203379
variance of residuals (reduced chisquare) = WSSR/ndf   : 0.0413629

Final set of parameters            Asymptotic Standard Error
=======================            ==========================
met1av          = -0.100022        +/- 0.2265       (226.4%)
met1max         = 13.7464          +/- 6.549        (47.64%)
met1std         = 3.07014          +/- 0.7376       (24.03%)

correlation matrix of the fit parameters:
                met1av met1ma met1st 
met1av          1.000 
met1max        -0.968  1.000 
met1std         0.976 -0.900  1.000 
